\BOOKMARK [1][-]{section*.1}{Contact Information}{}% 1
\BOOKMARK [1][-]{section*.2}{Research Interests}{}% 2
\BOOKMARK [1][-]{section*.3}{Current Academic Appointments}{}% 3
\BOOKMARK [1][-]{section*.4}{Previous Academic Appointments}{}% 4
\BOOKMARK [1][-]{section*.5}{Education}{}% 5
\BOOKMARK [1][-]{section*.6}{Refereed Journal Publications}{}% 6
\BOOKMARK [1][-]{section*.7}{Conference Publications}{}% 7
\BOOKMARK [1][-]{section*.8}{Conference Talks}{}% 8
\BOOKMARK [1][-]{section*.9}{Conference Posters}{}% 9
\BOOKMARK [1][-]{section*.10}{Invited Talks}{}% 10
\BOOKMARK [1][-]{section*.11}{Book Chapters}{}% 11
\BOOKMARK [1][-]{section*.12}{Other Publications}{}% 12
\BOOKMARK [1][-]{section*.13}{Books in Preparation}{}% 13
\BOOKMARK [1][-]{section*.14}{Papers in Preparation}{}% 14
\BOOKMARK [1][-]{section*.15}{Grants}{}% 15
\BOOKMARK [1][-]{section*.16}{Academic Service}{}% 16
\BOOKMARK [1][-]{section*.17}{Student Advising}{}% 17
\BOOKMARK [1][-]{section*.18}{Teaching Experience}{}% 18
\BOOKMARK [1][-]{section*.19}{Professional Service}{}% 19
\BOOKMARK [1][-]{section*.20}{Professional Experience}{}% 20
\BOOKMARK [1][-]{section*.21}{Professional Memberships}{}% 21
\BOOKMARK [1][-]{section*.22}{Other Meeting Attendance}{}% 22
\BOOKMARK [1][-]{section*.23}{Service}{}% 23
\BOOKMARK [1][-]{section*.24}{Application Areas}{}% 24
\BOOKMARK [1][-]{section*.25}{Hardware and Software Skills}{}% 25
\BOOKMARK [1][-]{section*.26}{Expertise}{}% 26
\BOOKMARK [1][-]{section*.27}{Awards}{}% 27
\BOOKMARK [1][-]{section*.28}{Popular Media}{}% 28
\BOOKMARK [1][-]{section*.29}{Security Clearance}{}% 29
\BOOKMARK [1][-]{section*.30}{References Available to Contact}{}% 30
\BOOKMARK [1][-]{section*.31}{More Information}{}% 31
